<?xml version="1.0" encoding="UTF-8"?>
<coverage generated="1680029134573" clover="3.2.0">
  <project timestamp="1680029134573" name="All files">
    <metrics statements="35" coveredstatements="35" conditionals="16" coveredconditionals="16" methods="6" coveredmethods="6" elements="57" coveredelements="57" complexity="0" loc="35" ncloc="35" packages="1" files="1" classes="1"/>
    <file name="script.js" path="/Users/augustobrandao/Documents/repositorio/JestStudy/ExercisesJest/script.js">
      <metrics statements="35" coveredstatements="35" conditionals="16" coveredconditionals="16" methods="6" coveredmethods="6"/>
      <line num="2" count="3" type="stmt"/>
      <line num="3" count="3" type="stmt"/>
      <line num="4" count="12" type="cond" truecount="2" falsecount="0"/>
      <line num="5" count="10" type="stmt"/>
      <line num="8" count="3" type="stmt"/>
      <line num="12" count="5" type="cond" truecount="2" falsecount="0"/>
      <line num="13" count="4" type="cond" truecount="4" falsecount="0"/>
      <line num="14" count="3" type="cond" truecount="2" falsecount="0"/>
      <line num="15" count="2" type="cond" truecount="2" falsecount="0"/>
      <line num="16" count="1" type="stmt"/>
      <line num="19" count="1" type="stmt"/>
      <line num="20" count="6" type="stmt"/>
      <line num="21" count="6" type="stmt"/>
      <line num="23" count="6" type="stmt"/>
      <line num="24" count="32" type="stmt"/>
      <line num="25" count="32" type="stmt"/>
      <line num="27" count="32" type="cond" truecount="2" falsecount="0"/>
      <line num="28" count="25" type="stmt"/>
      <line num="30" count="7" type="stmt"/>
      <line num="33" count="6" type="stmt"/>
      <line num="36" count="1" type="stmt"/>
      <line num="37" count="4" type="stmt"/>
      <line num="44" count="4" type="stmt"/>
      <line num="46" count="1" type="stmt"/>
      <line num="47" count="2" type="stmt"/>
      <line num="54" count="2" type="stmt"/>
      <line num="57" count="1" type="stmt"/>
      <line num="58" count="2" type="stmt"/>
      <line num="59" count="2" type="stmt"/>
      <line num="61" count="2" type="cond" truecount="2" falsecount="0"/>
      <line num="62" count="1" type="stmt"/>
      <line num="63" count="5" type="stmt"/>
      <line num="65" count="1" type="stmt"/>
      <line num="67" count="1" type="stmt"/>
      <line num="71" count="1" type="stmt"/>
    </file>
  </project>
</coverage>
