{"/Users/augustobrandao/Documents/repositorio/JestStudy/ExercisesJest/script.js": {"path":"/Users/augustobrandao/Documents/repositorio/JestStudy/ExercisesJest/script.js","statementMap":{"0":{"start":{"line":2,"column":15},"end":{"line":2,"column":17}},"1":{"start":{"line":3,"column":2},"end":{"line":7,"column":3}},"2":{"start":{"line":3,"column":19},"end":{"line":3,"column":20}},"3":{"start":{"line":4,"column":4},"end":{"line":6,"column":5}},"4":{"start":{"line":5,"column":6},"end":{"line":5,"column":30}},"5":{"start":{"line":8,"column":2},"end":{"line":8,"column":16}},"6":{"start":{"line":12,"column":2},"end":{"line":12,"column":44}},"7":{"start":{"line":12,"column":31},"end":{"line":12,"column":44}},"8":{"start":{"line":13,"column":2},"end":{"line":13,"column":56}},"9":{"start":{"line":13,"column":38},"end":{"line":13,"column":56}},"10":{"start":{"line":14,"column":2},"end":{"line":14,"column":35}},"11":{"start":{"line":14,"column":21},"end":{"line":14,"column":35}},"12":{"start":{"line":15,"column":2},"end":{"line":15,"column":35}},"13":{"start":{"line":15,"column":21},"end":{"line":15,"column":35}},"14":{"start":{"line":16,"column":2},"end":{"line":16,"column":13}},"15":{"start":{"line":19,"column":18},"end":{"line":34,"column":1}},"16":{"start":{"line":20,"column":22},"end":{"line":20,"column":38}},"17":{"start":{"line":21,"column":22},"end":{"line":21,"column":24}},"18":{"start":{"line":23,"column":2},"end":{"line":32,"column":3}},"19":{"start":{"line":23,"column":19},"end":{"line":23,"column":20}},"20":{"start":{"line":24,"column":22},"end":{"line":24,"column":40}},"21":{"start":{"line":25,"column":24},"end":{"line":25,"column":44}},"22":{"start":{"line":27,"column":4},"end":{"line":31,"column":5}},"23":{"start":{"line":28,"column":6},"end":{"line":28,"column":36}},"24":{"start":{"line":30,"column":6},"end":{"line":30,"column":34}},"25":{"start":{"line":33,"column":2},"end":{"line":33,"column":30}},"26":{"start":{"line":36,"column":15},"end":{"line":45,"column":1}},"27":{"start":{"line":37,"column":14},"end":{"line":43,"column":3}},"28":{"start":{"line":44,"column":2},"end":{"line":44,"column":32}},"29":{"start":{"line":46,"column":15},"end":{"line":55,"column":1}},"30":{"start":{"line":47,"column":14},"end":{"line":53,"column":3}},"31":{"start":{"line":54,"column":2},"end":{"line":54,"column":32}},"32":{"start":{"line":57,"column":17},"end":{"line":69,"column":1}},"33":{"start":{"line":58,"column":21},"end":{"line":58,"column":33}},"34":{"start":{"line":59,"column":13},"end":{"line":59,"column":15}},"35":{"start":{"line":61,"column":2},"end":{"line":68,"column":3}},"36":{"start":{"line":62,"column":4},"end":{"line":64,"column":5}},"37":{"start":{"line":62,"column":17},"end":{"line":62,"column":18}},"38":{"start":{"line":63,"column":6},"end":{"line":63,"column":54}},"39":{"start":{"line":65,"column":4},"end":{"line":65,"column":16}},"40":{"start":{"line":67,"column":4},"end":{"line":67,"column":20}},"41":{"start":{"line":71,"column":0},"end":{"line":71,"column":68}}},"fnMap":{"0":{"name":"myRemove","decl":{"start":{"line":1,"column":9},"end":{"line":1,"column":17}},"loc":{"start":{"line":1,"column":29},"end":{"line":9,"column":1}},"line":1},"1":{"name":"myFizzBuzz","decl":{"start":{"line":11,"column":9},"end":{"line":11,"column":19}},"loc":{"start":{"line":11,"column":25},"end":{"line":17,"column":1}},"line":11},"2":{"name":"(anonymous_2)","decl":{"start":{"line":19,"column":18},"end":{"line":19,"column":19}},"loc":{"start":{"line":19,"column":41},"end":{"line":34,"column":1}},"line":19},"3":{"name":"(anonymous_3)","decl":{"start":{"line":36,"column":15},"end":{"line":36,"column":16}},"loc":{"start":{"line":36,"column":27},"end":{"line":45,"column":1}},"line":36},"4":{"name":"(anonymous_4)","decl":{"start":{"line":46,"column":15},"end":{"line":46,"column":16}},"loc":{"start":{"line":46,"column":27},"end":{"line":55,"column":1}},"line":46},"5":{"name":"(anonymous_5)","decl":{"start":{"line":57,"column":17},"end":{"line":57,"column":18}},"loc":{"start":{"line":57,"column":34},"end":{"line":69,"column":1}},"line":57}},"branchMap":{"0":{"loc":{"start":{"line":4,"column":4},"end":{"line":6,"column":5}},"type":"if","locations":[{"start":{"line":4,"column":4},"end":{"line":6,"column":5}},{"start":{},"end":{}}],"line":4},"1":{"loc":{"start":{"line":12,"column":2},"end":{"line":12,"column":44}},"type":"if","locations":[{"start":{"line":12,"column":2},"end":{"line":12,"column":44}},{"start":{},"end":{}}],"line":12},"2":{"loc":{"start":{"line":13,"column":2},"end":{"line":13,"column":56}},"type":"if","locations":[{"start":{"line":13,"column":2},"end":{"line":13,"column":56}},{"start":{},"end":{}}],"line":13},"3":{"loc":{"start":{"line":13,"column":6},"end":{"line":13,"column":36}},"type":"binary-expr","locations":[{"start":{"line":13,"column":6},"end":{"line":13,"column":19}},{"start":{"line":13,"column":23},"end":{"line":13,"column":36}}],"line":13},"4":{"loc":{"start":{"line":14,"column":2},"end":{"line":14,"column":35}},"type":"if","locations":[{"start":{"line":14,"column":2},"end":{"line":14,"column":35}},{"start":{},"end":{}}],"line":14},"5":{"loc":{"start":{"line":15,"column":2},"end":{"line":15,"column":35}},"type":"if","locations":[{"start":{"line":15,"column":2},"end":{"line":15,"column":35}},{"start":{},"end":{}}],"line":15},"6":{"loc":{"start":{"line":27,"column":4},"end":{"line":31,"column":5}},"type":"if","locations":[{"start":{"line":27,"column":4},"end":{"line":31,"column":5}},{"start":{"line":29,"column":11},"end":{"line":31,"column":5}}],"line":27},"7":{"loc":{"start":{"line":61,"column":2},"end":{"line":68,"column":3}},"type":"if","locations":[{"start":{"line":61,"column":2},"end":{"line":68,"column":3}},{"start":{"line":66,"column":9},"end":{"line":68,"column":3}}],"line":61}},"s":{"0":3,"1":3,"2":3,"3":12,"4":10,"5":3,"6":5,"7":1,"8":4,"9":1,"10":3,"11":1,"12":2,"13":1,"14":1,"15":1,"16":6,"17":6,"18":6,"19":6,"20":32,"21":32,"22":32,"23":25,"24":7,"25":6,"26":1,"27":4,"28":4,"29":1,"30":2,"31":2,"32":1,"33":2,"34":2,"35":2,"36":1,"37":1,"38":5,"39":1,"40":1,"41":1},"f":{"0":3,"1":5,"2":6,"3":4,"4":2,"5":2},"b":{"0":[10,2],"1":[1,4],"2":[1,3],"3":[4,2],"4":[1,2],"5":[1,1],"6":[25,7],"7":[1,1]},"_coverageSchema":"1a1c01bbd47fc00a2c39e90264f33305004495a9","hash":"ee21f72e0062a45db9d3dfc6605351b20a5a2252"}
}
