TN:
SF:script.js
FN:1,myRemove
FN:11,myFizzBuzz
FN:19,(anonymous_2)
FN:36,(anonymous_3)
FN:46,(anonymous_4)
FN:57,(anonymous_5)
FNF:6
FNH:6
FNDA:3,myRemove
FNDA:5,myFizzBuzz
FNDA:6,(anonymous_2)
FNDA:4,(anonymous_3)
FNDA:2,(anonymous_4)
FNDA:2,(anonymous_5)
DA:2,3
DA:3,3
DA:4,12
DA:5,10
DA:8,3
DA:12,5
DA:13,4
DA:14,3
DA:15,2
DA:16,1
DA:19,1
DA:20,6
DA:21,6
DA:23,6
DA:24,32
DA:25,32
DA:27,32
DA:28,25
DA:30,7
DA:33,6
DA:36,1
DA:37,4
DA:44,4
DA:46,1
DA:47,2
DA:54,2
DA:57,1
DA:58,2
DA:59,2
DA:61,2
DA:62,1
DA:63,5
DA:65,1
DA:67,1
DA:71,1
LF:35
LH:35
BRDA:4,0,0,10
BRDA:4,0,1,2
BRDA:12,1,0,1
BRDA:12,1,1,4
BRDA:13,2,0,1
BRDA:13,2,1,3
BRDA:13,3,0,4
BRDA:13,3,1,2
BRDA:14,4,0,1
BRDA:14,4,1,2
BRDA:15,5,0,1
BRDA:15,5,1,1
BRDA:27,6,0,25
BRDA:27,6,1,7
BRDA:61,7,0,1
BRDA:61,7,1,1
BRF:16
BRH:16
end_of_record
